kotlin version: 2.1.0
error message: org.jetbrains.kotlin.backend.common.BackendException: Backend Internal error: Exception during IR lowering
File being compiled: /Users/WHERNANDEC/AndroidStudioProjects/AppGeneratorCursorIA/app/src/main/java/com/example/appgeneratorcursoria/data/remote/DeepseekApi.kt
The root cause java.lang.IllegalStateException was thrown at: org.jetbrains.kotlin.fir.backend.Fir2IrDeclarationStorage.findContainingIrClassSymbol(Fir2IrDeclarationStorage.kt:384)
	at org.jetbrains.kotlin.backend.common.CodegenUtil.reportBackendException(CodegenUtil.kt:253)
	at org.jetbrains.kotlin.backend.common.CodegenUtil.reportBackendException$default(CodegenUtil.kt:236)
	at org.jetbrains.kotlin.backend.common.phaser.PerformByIrFilePhase.invokeSequential(performByIrFile.kt:55)
	at org.jetbrains.kotlin.backend.common.phaser.PerformByIrFilePhase.invoke(performByIrFile.kt:42)
	at org.jetbrains.kotlin.backend.common.phaser.PerformByIrFilePhase.invoke(performByIrFile.kt:28)
	at org.jetbrains.kotlin.backend.common.phaser.NamedCompilerPhase.phaseBody(CompilerPhase.kt:166)
	at org.jetbrains.kotlin.backend.common.phaser.AbstractNamedCompilerPhase.invoke(CompilerPhase.kt:113)
	at org.jetbrains.kotlin.backend.common.phaser.CompositePhase.invoke(PhaseBuilders.kt:27)
	at org.jetbrains.kotlin.backend.common.phaser.CompositePhase.invoke(PhaseBuilders.kt:14)
	at org.jetbrains.kotlin.backend.common.phaser.NamedCompilerPhase.phaseBody(CompilerPhase.kt:166)
	at org.jetbrains.kotlin.backend.common.phaser.AbstractNamedCompilerPhase.invoke(CompilerPhase.kt:113)
	at org.jetbrains.kotlin.backend.common.phaser.CompilerPhaseKt.invokeToplevel(CompilerPhase.kt:62)
	at org.jetbrains.kotlin.backend.jvm.JvmIrCodegenFactory.invokeLowerings(JvmIrCodegenFactory.kt:358)
	at org.jetbrains.kotlin.codegen.CodegenFactory.generateModule(CodegenFactory.kt:46)
	at org.jetbrains.kotlin.backend.jvm.JvmIrCodegenFactory.generateModuleInFrontendIRMode(JvmIrCodegenFactory.kt:433)
	at org.jetbrains.kotlin.cli.jvm.compiler.pipeline.JvmCompilerPipelineKt.generateCodeFromIr(jvmCompilerPipeline.kt:192)
	at org.jetbrains.kotlin.cli.jvm.compiler.pipeline.JvmCompilerPipelineKt.runBackend(jvmCompilerPipeline.kt:80)
	at org.jetbrains.kotlin.cli.jvm.compiler.pipeline.JvmCompilerPipelineLightTreeKt.compileModule(jvmCompilerPipelineLightTree.kt:264)
	at org.jetbrains.kotlin.cli.jvm.compiler.pipeline.JvmCompilerPipelineLightTreeKt.compileSingleModuleUsingFrontendIrAndLightTree(jvmCompilerPipelineLightTree.kt:231)
	at org.jetbrains.kotlin.cli.jvm.compiler.pipeline.JvmCompilerPipelineLightTreeKt.compileModulesUsingFrontendIrAndLightTree(jvmCompilerPipelineLightTree.kt:86)
	at org.jetbrains.kotlin.cli.jvm.K2JVMCompiler.doExecute(K2JVMCompiler.kt:146)
	at org.jetbrains.kotlin.cli.jvm.K2JVMCompiler.doExecute(K2JVMCompiler.kt:43)
	at org.jetbrains.kotlin.cli.common.CLICompiler.execImpl(CLICompiler.kt:102)
	at org.jetbrains.kotlin.cli.common.CLICompiler.exec(CLICompiler.kt:316)
	at org.jetbrains.kotlin.incremental.IncrementalJvmCompilerRunner.runCompiler(IncrementalJvmCompilerRunner.kt:464)
	at org.jetbrains.kotlin.incremental.IncrementalJvmCompilerRunner.runCompiler(IncrementalJvmCompilerRunner.kt:73)
	at org.jetbrains.kotlin.incremental.IncrementalCompilerRunner.doCompile(IncrementalCompilerRunner.kt:506)
	at org.jetbrains.kotlin.incremental.IncrementalCompilerRunner.compileImpl(IncrementalCompilerRunner.kt:423)
	at org.jetbrains.kotlin.incremental.IncrementalCompilerRunner.compileNonIncrementally(IncrementalCompilerRunner.kt:301)
	at org.jetbrains.kotlin.incremental.IncrementalCompilerRunner.compile(IncrementalCompilerRunner.kt:129)
	at org.jetbrains.kotlin.daemon.CompileServiceImplBase.execIncrementalCompiler(CompileServiceImpl.kt:674)
	at org.jetbrains.kotlin.daemon.CompileServiceImplBase.access$execIncrementalCompiler(CompileServiceImpl.kt:91)
	at org.jetbrains.kotlin.daemon.CompileServiceImpl.compile(CompileServiceImpl.kt:1659)
	at java.base/jdk.internal.reflect.DirectMethodHandleAccessor.invoke(Unknown Source)
	at java.base/java.lang.reflect.Method.invoke(Unknown Source)
	at java.rmi/sun.rmi.server.UnicastServerRef.dispatch(Unknown Source)
	at java.rmi/sun.rmi.transport.Transport$1.run(Unknown Source)
	at java.rmi/sun.rmi.transport.Transport$1.run(Unknown Source)
	at java.base/java.security.AccessController.doPrivileged(Unknown Source)
	at java.rmi/sun.rmi.transport.Transport.serviceCall(Unknown Source)
	at java.rmi/sun.rmi.transport.tcp.TCPTransport.handleMessages(Unknown Source)
	at java.rmi/sun.rmi.transport.tcp.TCPTransport$ConnectionHandler.run0(Unknown Source)
	at java.rmi/sun.rmi.transport.tcp.TCPTransport$ConnectionHandler.lambda$run$0(Unknown Source)
	at java.base/java.security.AccessController.doPrivileged(Unknown Source)
	at java.rmi/sun.rmi.transport.tcp.TCPTransport$ConnectionHandler.run(Unknown Source)
	at java.base/java.util.concurrent.ThreadPoolExecutor.runWorker(Unknown Source)
	at java.base/java.util.concurrent.ThreadPoolExecutor$Worker.run(Unknown Source)
	at java.base/java.lang.Thread.run(Unknown Source)
Caused by: java.lang.IllegalStateException: IR class for GeneratedMessageLite not found
	at org.jetbrains.kotlin.fir.backend.Fir2IrDeclarationStorage.findContainingIrClassSymbol(Fir2IrDeclarationStorage.kt:384)
	at org.jetbrains.kotlin.fir.backend.Fir2IrDeclarationStorage.createMemberFunctionSymbol(Fir2IrDeclarationStorage.kt:366)
	at org.jetbrains.kotlin.fir.backend.Fir2IrDeclarationStorage.getIrFunctionSymbol(Fir2IrDeclarationStorage.kt:1121)
	at org.jetbrains.kotlin.fir.backend.Fir2IrDeclarationStorage.getIrFunctionSymbol$default(Fir2IrDeclarationStorage.kt:1084)
	at org.jetbrains.kotlin.fir.lazy.Fir2IrLazySimpleFunction.overriddenSymbols_delegate$lambda$2(Fir2IrLazySimpleFunction.kt:61)
	at org.jetbrains.kotlin.ir.declarations.lazy.SynchronizedLazyVar.getValue(lazyUtil.kt:29)
	at org.jetbrains.kotlin.ir.declarations.lazy.SynchronizedLazyVar.getValue(lazyUtil.kt:40)
	at org.jetbrains.kotlin.fir.backend.MappedLazyVar.getValue(Fir2IrSymbolsMappingForLazyClasses.kt:82)
	at org.jetbrains.kotlin.fir.lazy.Fir2IrLazySimpleFunction.getOverriddenSymbols(Fir2IrLazySimpleFunction.kt:55)
	at org.jetbrains.kotlin.ir.util.IrUtilsKt.allOverridden(IrUtils.kt:1443)
	at org.jetbrains.kotlin.backend.common.lower.SpecialBridgeMethods.findSpecialWithOverride(SpecialBridgeMethods.kt:120)
	at org.jetbrains.kotlin.backend.jvm.lower.JvmArgumentNullabilityAssertionsLowering.isCallToMethodWithTypeCheckBarrier(JvmArgumentNullabilityAssertionsLowering.kt:95)
	at org.jetbrains.kotlin.backend.jvm.lower.JvmArgumentNullabilityAssertionsLowering.visitMemberAccess(JvmArgumentNullabilityAssertionsLowering.kt:71)
	at org.jetbrains.kotlin.backend.jvm.lower.JvmArgumentNullabilityAssertionsLowering.visitMemberAccess(JvmArgumentNullabilityAssertionsLowering.kt:22)
	at org.jetbrains.kotlin.ir.visitors.IrElementTransformer$DefaultImpls.visitFunctionAccess(IrElementTransformer.kt:121)
	at org.jetbrains.kotlin.backend.jvm.lower.JvmArgumentNullabilityAssertionsLowering.visitFunctionAccess(JvmArgumentNullabilityAssertionsLowering.kt:22)
	at org.jetbrains.kotlin.backend.jvm.lower.JvmArgumentNullabilityAssertionsLowering.visitFunctionAccess(JvmArgumentNullabilityAssertionsLowering.kt:22)
	at org.jetbrains.kotlin.ir.visitors.IrElementTransformer$DefaultImpls.visitCall(IrElementTransformer.kt:166)
	at org.jetbrains.kotlin.backend.jvm.lower.JvmArgumentNullabilityAssertionsLowering.visitCall(JvmArgumentNullabilityAssertionsLowering.kt:22)
	at org.jetbrains.kotlin.backend.jvm.lower.JvmArgumentNullabilityAssertionsLowering.visitCall(JvmArgumentNullabilityAssertionsLowering.kt:22)
	at org.jetbrains.kotlin.ir.expressions.IrCall.accept(IrCall.kt:24)
	at org.jetbrains.kotlin.ir.expressions.IrExpression.transform(IrExpression.kt:24)
	at org.jetbrains.kotlin.backend.jvm.lower.JvmArgumentNullabilityAssertionsLowering.visitMemberAccess(JvmArgumentNullabilityAssertionsLowering.kt:74)
	at org.jetbrains.kotlin.backend.jvm.lower.JvmArgumentNullabilityAssertionsLowering.visitMemberAccess(JvmArgumentNullabilityAssertionsLowering.kt:22)
	at org.jetbrains.kotlin.ir.visitors.IrElementTransformer$DefaultImpls.visitFunctionAccess(IrElementTransformer.kt:121)
	at org.jetbrains.kotlin.backend.jvm.lower.JvmArgumentNullabilityAssertionsLowering.visitFunctionAccess(JvmArgumentNullabilityAssertionsLowering.kt:22)
	at org.jetbrains.kotlin.backend.jvm.lower.JvmArgumentNullabilityAssertionsLowering.visitFunctionAccess(JvmArgumentNullabilityAssertionsLowering.kt:22)
	at org.jetbrains.kotlin.ir.visitors.IrElementTransformer$DefaultImpls.visitCall(IrElementTransformer.kt:166)
	at org.jetbrains.kotlin.backend.jvm.lower.JvmArgumentNullabilityAssertionsLowering.visitCall(JvmArgumentNullabilityAssertionsLowering.kt:22)
	at org.jetbrains.kotlin.backend.jvm.lower.JvmArgumentNullabilityAssertionsLowering.visitCall(JvmArgumentNullabilityAssertionsLowering.kt:22)
	at org.jetbrains.kotlin.ir.expressions.IrCall.accept(IrCall.kt:24)
	at org.jetbrains.kotlin.ir.expressions.IrExpression.transform(IrExpression.kt:24)
	at org.jetbrains.kotlin.ir.expressions.IrSetValue.transformChildren(IrSetValue.kt:28)
	at org.jetbrains.kotlin.ir.visitors.IrElementTransformer$DefaultImpls.visitExpression(IrElementTransformer.kt:99)
	at org.jetbrains.kotlin.backend.jvm.lower.JvmArgumentNullabilityAssertionsLowering.visitExpression(JvmArgumentNullabilityAssertionsLowering.kt:22)
	at org.jetbrains.kotlin.backend.jvm.lower.JvmArgumentNullabilityAssertionsLowering.visitExpression(JvmArgumentNullabilityAssertionsLowering.kt:22)
	at org.jetbrains.kotlin.ir.visitors.IrElementTransformer$DefaultImpls.visitDeclarationReference(IrElementTransformer.kt:115)
	at org.jetbrains.kotlin.backend.jvm.lower.JvmArgumentNullabilityAssertionsLowering.visitDeclarationReference(JvmArgumentNullabilityAssertionsLowering.kt:22)
	at org.jetbrains.kotlin.backend.jvm.lower.JvmArgumentNullabilityAssertionsLowering.visitDeclarationReference(JvmArgumentNullabilityAssertionsLowering.kt:22)
	at org.jetbrains.kotlin.ir.visitors.IrElementTransformer$DefaultImpls.visitValueAccess(IrElementTransformer.kt:275)
	at org.jetbrains.kotlin.backend.jvm.lower.JvmArgumentNullabilityAssertionsLowering.visitValueAccess(JvmArgumentNullabilityAssertionsLowering.kt:22)
	at org.jetbrains.kotlin.backend.jvm.lower.JvmArgumentNullabilityAssertionsLowering.visitValueAccess(JvmArgumentNullabilityAssertionsLowering.kt:22)
	at org.jetbrains.kotlin.ir.visitors.IrElementTransformer$DefaultImpls.visitSetValue(IrElementTransformer.kt:281)
	at org.jetbrains.kotlin.backend.jvm.lower.JvmArgumentNullabilityAssertionsLowering.visitSetValue(JvmArgumentNullabilityAssertionsLowering.kt:22)
	at org.jetbrains.kotlin.backend.jvm.lower.JvmArgumentNullabilityAssertionsLowering.visitSetValue(JvmArgumentNullabilityAssertionsLowering.kt:22)
	at org.jetbrains.kotlin.ir.expressions.IrSetValue.accept(IrSetValue.kt:21)
	at org.jetbrains.kotlin.ir.expressions.IrExpression.transform(IrExpression.kt:24)
	at org.jetbrains.kotlin.ir.expressions.IrExpression.transform(IrExpression.kt:20)
	at org.jetbrains.kotlin.ir.util.TransformKt.transformInPlace(transform.kt:35)
	at org.jetbrains.kotlin.ir.expressions.IrBlockBody.transformChildren(IrBlockBody.kt:27)
	at org.jetbrains.kotlin.ir.visitors.IrElementTransformer$DefaultImpls.visitBody(IrElementTransformer.kt:104)
	at org.jetbrains.kotlin.backend.jvm.lower.JvmArgumentNullabilityAssertionsLowering.visitBody(JvmArgumentNullabilityAssertionsLowering.kt:22)
	at org.jetbrains.kotlin.backend.jvm.lower.JvmArgumentNullabilityAssertionsLowering.visitBody(JvmArgumentNullabilityAssertionsLowering.kt:22)
	at org.jetbrains.kotlin.ir.visitors.IrElementTransformer$DefaultImpls.visitBlockBody(IrElementTransformer.kt:112)
	at org.jetbrains.kotlin.backend.jvm.lower.JvmArgumentNullabilityAssertionsLowering.visitBlockBody(JvmArgumentNullabilityAssertionsLowering.kt:22)
	at org.jetbrains.kotlin.backend.jvm.lower.JvmArgumentNullabilityAssertionsLowering.visitBlockBody(JvmArgumentNullabilityAssertionsLowering.kt:22)
	at org.jetbrains.kotlin.ir.expressions.IrBlockBody.accept(IrBlockBody.kt:20)
	at org.jetbrains.kotlin.ir.expressions.IrBody.transform(IrBody.kt:20)
	at org.jetbrains.kotlin.ir.declarations.IrFunction.transformChildren(IrFunction.kt:65)
	at org.jetbrains.kotlin.ir.visitors.IrElementTransformer$DefaultImpls.visitDeclaration(IrElementTransformer.kt:31)
	at org.jetbrains.kotlin.backend.jvm.lower.JvmArgumentNullabilityAssertionsLowering.visitDeclaration(JvmArgumentNullabilityAssertionsLowering.kt:47)
	at org.jetbrains.kotlin.backend.jvm.lower.JvmArgumentNullabilityAssertionsLowering.visitDeclaration(JvmArgumentNullabilityAssertionsLowering.kt:22)
	at org.jetbrains.kotlin.ir.visitors.IrElementTransformer$DefaultImpls.visitFunction(IrElementTransformer.kt:48)
	at org.jetbrains.kotlin.backend.jvm.lower.JvmArgumentNullabilityAssertionsLowering.visitFunction(JvmArgumentNullabilityAssertionsLowering.kt:22)
	at org.jetbrains.kotlin.backend.jvm.lower.JvmArgumentNullabilityAssertionsLowering.visitFunction(JvmArgumentNullabilityAssertionsLowering.kt:22)
	at org.jetbrains.kotlin.ir.visitors.IrElementTransformer$DefaultImpls.visitSimpleFunction(IrElementTransformer.kt:77)
	at org.jetbrains.kotlin.backend.jvm.lower.JvmArgumentNullabilityAssertionsLowering.visitSimpleFunction(JvmArgumentNullabilityAssertionsLowering.kt:22)
	at org.jetbrains.kotlin.backend.jvm.lower.JvmArgumentNullabilityAssertionsLowering.visitSimpleFunction(JvmArgumentNullabilityAssertionsLowering.kt:22)
	at org.jetbrains.kotlin.ir.declarations.IrSimpleFunction.accept(IrSimpleFunction.kt:39)
	at org.jetbrains.kotlin.ir.IrElementBase.transform(IrElementBase.kt:33)
	at org.jetbrains.kotlin.ir.util.TransformKt.transformInPlace(transform.kt:35)
	at org.jetbrains.kotlin.ir.declarations.IrClass.transformChildren(IrClass.kt:82)
	at org.jetbrains.kotlin.ir.visitors.IrElementTransformer$DefaultImpls.visitDeclaration(IrElementTransformer.kt:31)
	at org.jetbrains.kotlin.backend.jvm.lower.JvmArgumentNullabilityAssertionsLowering.visitDeclaration(JvmArgumentNullabilityAssertionsLowering.kt:47)
	at org.jetbrains.kotlin.backend.jvm.lower.JvmArgumentNullabilityAssertionsLowering.visitDeclaration(JvmArgumentNullabilityAssertionsLowering.kt:22)
	at org.jetbrains.kotlin.ir.visitors.IrElementTransformer$DefaultImpls.visitClass(IrElementTransformer.kt:39)
	at org.jetbrains.kotlin.backend.jvm.lower.JvmArgumentNullabilityAssertionsLowering.visitClass(JvmArgumentNullabilityAssertionsLowering.kt:22)
	at org.jetbrains.kotlin.backend.jvm.lower.JvmArgumentNullabilityAssertionsLowering.visitClass(JvmArgumentNullabilityAssertionsLowering.kt:22)
	at org.jetbrains.kotlin.ir.declarations.IrClass.accept(IrClass.kt:72)
	at org.jetbrains.kotlin.ir.IrElementBase.transform(IrElementBase.kt:33)
	at org.jetbrains.kotlin.ir.util.TransformKt.transformInPlace(transform.kt:35)
	at org.jetbrains.kotlin.ir.declarations.IrFile.transformChildren(IrFile.kt:38)
	at org.jetbrains.kotlin.backend.jvm.lower.JvmArgumentNullabilityAssertionsLowering.lower(JvmArgumentNullabilityAssertionsLowering.kt:41)
	at org.jetbrains.kotlin.backend.common.phaser.PhaseFactoriesKt.createFilePhase$lambda$4(PhaseFactories.kt:71)
	at org.jetbrains.kotlin.backend.common.phaser.PhaseBuildersKt$createSimpleNamedCompilerPhase$1.phaseBody(PhaseBuilders.kt:69)
	at org.jetbrains.kotlin.backend.common.phaser.SimpleNamedCompilerPhase.phaseBody(CompilerPhase.kt:226)
	at org.jetbrains.kotlin.backend.common.phaser.AbstractNamedCompilerPhase.invoke(CompilerPhase.kt:113)
	at org.jetbrains.kotlin.backend.common.phaser.PerformByIrFilePhase.invokeSequential(performByIrFile.kt:52)
	... 45 more


